2022-06-06 15:52:37 | INFO | Logs are saved to /workspace/Easy-KPConv/examples/scene_segmentation/outputs/logs/train-20220606-155237.log.
2022-06-06 15:52:37 | INFO | Tensorboard is enabled. Write events to /workspace/Easy-KPConv/examples/scene_segmentation/outputs/events.
2022-06-06 15:52:37 | INFO | Configs:
{
    "exp": {
        "name": "scene_segmentation",
        "working_dir": "/workspace/Easy-KPConv/examples/scene_segmentation",
        "output_dir": "/workspace/Easy-KPConv/examples/scene_segmentation/outputs",
        "checkpoint_dir": "/workspace/Easy-KPConv/examples/scene_segmentation/outputs/checkpoints",
        "log_dir": "/workspace/Easy-KPConv/examples/scene_segmentation/outputs/logs",
        "event_dir": "/workspace/Easy-KPConv/examples/scene_segmentation/outputs/events",
        "seed": 7351
    },
    "data": {
        "dataset_dir": "/data/S3DIS",
        "num_classes": 13,
        "class_names": [
            "ceiling",
            "floor",
            "wall",
            "beam",
            "column",
            "window",
            "door",
            "table",
            "chair",
            "sofa",
            "bookcase",
            "board",
            "clutter"
        ]
    },
    "train": {
        "batch_size": 16,
        "num_workers": 8,
        "num_points": null,
        "point_threshold": 1024,
        "block_size": 2.5,
        "use_normalized_location": false,
        "use_z_coordinate": true,
        "pad_points": false,
        "augmentation_rotation_scale": 1.0,
        "augmentation_min_scale": 0.9,
        "augmentation_max_scale": 1.1,
        "augmentation_noise_sigma": 0.01,
        "augmentation_noise_scale": 0.05
    },
    "test": {
        "batch_size": 8,
        "num_workers": 0,
        "num_points": null,
        "point_threshold": 2048,
        "block_size": 2.5,
        "block_stride": 1.0,
        "use_normalized_location": false,
        "use_z_coordinate": true,
        "pad_points": false
    },
    "trainer": {
        "max_epoch": 300,
        "num_iters_per_epoch": 3000,
        "grad_acc_steps": 1
    },
    "optimizer": {
        "type": "SGD",
        "lr": 0.01,
        "momentum": 0.9,
        "weight_decay": 0.0001
    },
    "scheduler": {
        "type": "Cosine",
        "total_steps": 900000,
        "warmup_steps": 3000,
        "eta_init": 0.1,
        "eta_min": 0.01
    },
    "model": {
        "num_stages": 5,
        "basic_voxel_size": 0.04,
        "kernel_size": 15,
        "kpconv_radius": 2.5,
        "kpconv_sigma": 2.0,
        "input_dim": 5,
        "init_dim": 64,
        "neighbor_limits": [
            24,
            40,
            34,
            35,
            34
        ]
    },
    "loss": {}
}
2022-06-06 15:52:37 | INFO | Using Single-GPU mode.
2022-06-06 15:52:39 | INFO | Model description:
KPFCNN(
  (encoder1_1): KPConvBlock(
    (conv): KPConv(kernel_size=15, in_channels=5, out_channels=64, radius=0.1, sigma=0.08, bias=True)
    (norm): GroupNormPackMode(8, 64, eps=1e-05, affine=True)
    (act): LeakyReLU(negative_slope=0.2)
  )
  (encoder1_2): KPResidualBlock(
    (unary1): UnaryBlockPackMode(
      (mlp): Linear(in_features=64, out_features=32, bias=True)
      (norm): GroupNormPackMode(4, 32, eps=1e-05, affine=True)
      (act): LeakyReLU(negative_slope=0.2)
    )
    (conv): KPConvBlock(
      (conv): KPConv(kernel_size=15, in_channels=32, out_channels=32, radius=0.1, sigma=0.08, bias=True)
      (norm): GroupNormPackMode(4, 32, eps=1e-05, affine=True)
      (act): LeakyReLU(negative_slope=0.2)
    )
    (unary2): UnaryBlockPackMode(
      (mlp): Linear(in_features=32, out_features=128, bias=True)
      (norm): GroupNormPackMode(16, 128, eps=1e-05, affine=True)
      (act): Identity()
    )
    (unary_shortcut): UnaryBlockPackMode(
      (mlp): Linear(in_features=64, out_features=128, bias=True)
      (norm): GroupNormPackMode(16, 128, eps=1e-05, affine=True)
      (act): Identity()
    )
    (act): LeakyReLU(negative_slope=0.2)
  )
  (encoder2_1): KPResidualBlock(
    (unary1): UnaryBlockPackMode(
      (mlp): Linear(in_features=128, out_features=32, bias=True)
      (norm): GroupNormPackMode(4, 32, eps=1e-05, affine=True)
      (act): LeakyReLU(negative_slope=0.2)
    )
    (conv): KPConvBlock(
      (conv): KPConv(kernel_size=15, in_channels=32, out_channels=32, radius=0.1, sigma=0.08, bias=True)
      (norm): GroupNormPackMode(4, 32, eps=1e-05, affine=True)
      (act): LeakyReLU(negative_slope=0.2)
    )
    (unary2): UnaryBlockPackMode(
      (mlp): Linear(in_features=32, out_features=128, bias=True)
      (norm): GroupNormPackMode(16, 128, eps=1e-05, affine=True)
      (act): Identity()
    )
    (unary_shortcut): Identity()
    (act): LeakyReLU(negative_slope=0.2)
  )
  (encoder2_2): KPResidualBlock(
    (unary1): UnaryBlockPackMode(
      (mlp): Linear(in_features=128, out_features=64, bias=True)
      (norm): GroupNormPackMode(8, 64, eps=1e-05, affine=True)
      (act): LeakyReLU(negative_slope=0.2)
    )
    (conv): KPConvBlock(
      (conv): KPConv(kernel_size=15, in_channels=64, out_channels=64, radius=0.2, sigma=0.16, bias=True)
      (norm): GroupNormPackMode(8, 64, eps=1e-05, affine=True)
      (act): LeakyReLU(negative_slope=0.2)
    )
    (unary2): UnaryBlockPackMode(
      (mlp): Linear(in_features=64, out_features=256, bias=True)
      (norm): GroupNormPackMode(32, 256, eps=1e-05, affine=True)
      (act): Identity()
    )
    (unary_shortcut): UnaryBlockPackMode(
      (mlp): Linear(in_features=128, out_features=256, bias=True)
      (norm): GroupNormPackMode(32, 256, eps=1e-05, affine=True)
      (act): Identity()
    )
    (act): LeakyReLU(negative_slope=0.2)
  )
  (encoder2_3): KPResidualBlock(
    (unary1): UnaryBlockPackMode(
      (mlp): Linear(in_features=256, out_features=64, bias=True)
      (norm): GroupNormPackMode(8, 64, eps=1e-05, affine=True)
      (act): LeakyReLU(negative_slope=0.2)
    )
    (conv): KPConvBlock(
      (conv): KPConv(kernel_size=15, in_channels=64, out_channels=64, radius=0.2, sigma=0.16, bias=True)
      (norm): GroupNormPackMode(8, 64, eps=1e-05, affine=True)
      (act): LeakyReLU(negative_slope=0.2)
    )
    (unary2): UnaryBlockPackMode(
      (mlp): Linear(in_features=64, out_features=256, bias=True)
      (norm): GroupNormPackMode(32, 256, eps=1e-05, affine=True)
      (act): Identity()
    )
    (unary_shortcut): Identity()
    (act): LeakyReLU(negative_slope=0.2)
  )
  (encoder3_1): KPResidualBlock(
    (unary1): UnaryBlockPackMode(
      (mlp): Linear(in_features=256, out_features=64, bias=True)
      (norm): GroupNormPackMode(8, 64, eps=1e-05, affine=True)
      (act): LeakyReLU(negative_slope=0.2)
    )
    (conv): KPConvBlock(
      (conv): KPConv(kernel_size=15, in_channels=64, out_channels=64, radius=0.2, sigma=0.16, bias=True)
      (norm): GroupNormPackMode(8, 64, eps=1e-05, affine=True)
      (act): LeakyReLU(negative_slope=0.2)
    )
    (unary2): UnaryBlockPackMode(
      (mlp): Linear(in_features=64, out_features=256, bias=True)
      (norm): GroupNormPackMode(32, 256, eps=1e-05, affine=True)
      (act): Identity()
    )
    (unary_shortcut): Identity()
    (act): LeakyReLU(negative_slope=0.2)
  )
  (encoder3_2): KPResidualBlock(
    (unary1): UnaryBlockPackMode(
      (mlp): Linear(in_features=256, out_features=128, bias=True)
      (norm): GroupNormPackMode(16, 128, eps=1e-05, affine=True)
      (act): LeakyReLU(negative_slope=0.2)
    )
    (conv): KPConvBlock(
      (conv): KPConv(kernel_size=15, in_channels=128, out_channels=128, radius=0.4, sigma=0.32, bias=True)
      (norm): GroupNormPackMode(16, 128, eps=1e-05, affine=True)
      (act): LeakyReLU(negative_slope=0.2)
    )
    (unary2): UnaryBlockPackMode(
      (mlp): Linear(in_features=128, out_features=512, bias=True)
      (norm): GroupNormPackMode(32, 512, eps=1e-05, affine=True)
      (act): Identity()
    )
    (unary_shortcut): UnaryBlockPackMode(
      (mlp): Linear(in_features=256, out_features=512, bias=True)
      (norm): GroupNormPackMode(32, 512, eps=1e-05, affine=True)
      (act): Identity()
    )
    (act): LeakyReLU(negative_slope=0.2)
  )
  (encoder3_3): KPResidualBlock(
    (unary1): UnaryBlockPackMode(
      (mlp): Linear(in_features=512, out_features=128, bias=True)
      (norm): GroupNormPackMode(16, 128, eps=1e-05, affine=True)
      (act): LeakyReLU(negative_slope=0.2)
    )
    (conv): KPConvBlock(
      (conv): KPConv(kernel_size=15, in_channels=128, out_channels=128, radius=0.4, sigma=0.32, bias=True)
      (norm): GroupNormPackMode(16, 128, eps=1e-05, affine=True)
      (act): LeakyReLU(negative_slope=0.2)
    )
    (unary2): UnaryBlockPackMode(
      (mlp): Linear(in_features=128, out_features=512, bias=True)
      (norm): GroupNormPackMode(32, 512, eps=1e-05, affine=True)
      (act): Identity()
    )
    (unary_shortcut): Identity()
    (act): LeakyReLU(negative_slope=0.2)
  )
  (encoder4_1): KPResidualBlock(
    (unary1): UnaryBlockPackMode(
      (mlp): Linear(in_features=512, out_features=128, bias=True)
      (norm): GroupNormPackMode(16, 128, eps=1e-05, affine=True)
      (act): LeakyReLU(negative_slope=0.2)
    )
    (conv): KPConvBlock(
      (conv): KPConv(kernel_size=15, in_channels=128, out_channels=128, radius=0.4, sigma=0.32, bias=True)
      (norm): GroupNormPackMode(16, 128, eps=1e-05, affine=True)
      (act): LeakyReLU(negative_slope=0.2)
    )
    (unary2): UnaryBlockPackMode(
      (mlp): Linear(in_features=128, out_features=512, bias=True)
      (norm): GroupNormPackMode(32, 512, eps=1e-05, affine=True)
      (act): Identity()
    )
    (unary_shortcut): Identity()
    (act): LeakyReLU(negative_slope=0.2)
  )
  (encoder4_2): KPResidualBlock(
    (unary1): UnaryBlockPackMode(
      (mlp): Linear(in_features=512, out_features=256, bias=True)
      (norm): GroupNormPackMode(32, 256, eps=1e-05, affine=True)
      (act): LeakyReLU(negative_slope=0.2)
    )
    (conv): KPConvBlock(
      (conv): KPConv(kernel_size=15, in_channels=256, out_channels=256, radius=0.8, sigma=0.64, bias=True)
      (norm): GroupNormPackMode(32, 256, eps=1e-05, affine=True)
      (act): LeakyReLU(negative_slope=0.2)
    )
    (unary2): UnaryBlockPackMode(
      (mlp): Linear(in_features=256, out_features=1024, bias=True)
      (norm): GroupNormPackMode(32, 1024, eps=1e-05, affine=True)
      (act): Identity()
    )
    (unary_shortcut): UnaryBlockPackMode(
      (mlp): Linear(in_features=512, out_features=1024, bias=True)
      (norm): GroupNormPackMode(32, 1024, eps=1e-05, affine=True)
      (act): Identity()
    )
    (act): LeakyReLU(negative_slope=0.2)
  )
  (encoder4_3): KPResidualBlock(
    (unary1): UnaryBlockPackMode(
      (mlp): Linear(in_features=1024, out_features=256, bias=True)
      (norm): GroupNormPackMode(32, 256, eps=1e-05, affine=True)
      (act): LeakyReLU(negative_slope=0.2)
    )
    (conv): KPConvBlock(
      (conv): KPConv(kernel_size=15, in_channels=256, out_channels=256, radius=0.8, sigma=0.64, bias=True)
      (norm): GroupNormPackMode(32, 256, eps=1e-05, affine=True)
      (act): LeakyReLU(negative_slope=0.2)
    )
    (unary2): UnaryBlockPackMode(
      (mlp): Linear(in_features=256, out_features=1024, bias=True)
      (norm): GroupNormPackMode(32, 1024, eps=1e-05, affine=True)
      (act): Identity()
    )
    (unary_shortcut): Identity()
    (act): LeakyReLU(negative_slope=0.2)
  )
  (encoder5_1): KPResidualBlock(
    (unary1): UnaryBlockPackMode(
      (mlp): Linear(in_features=1024, out_features=256, bias=True)
      (norm): GroupNormPackMode(32, 256, eps=1e-05, affine=True)
      (act): LeakyReLU(negative_slope=0.2)
    )
    (conv): KPConvBlock(
      (conv): KPConv(kernel_size=15, in_channels=256, out_channels=256, radius=0.8, sigma=0.64, bias=True)
      (norm): GroupNormPackMode(32, 256, eps=1e-05, affine=True)
      (act): LeakyReLU(negative_slope=0.2)
    )
    (unary2): UnaryBlockPackMode(
      (mlp): Linear(in_features=256, out_features=1024, bias=True)
      (norm): GroupNormPackMode(32, 1024, eps=1e-05, affine=True)
      (act): Identity()
    )
    (unary_shortcut): Identity()
    (act): LeakyReLU(negative_slope=0.2)
  )
  (encoder5_2): KPResidualBlock(
    (unary1): UnaryBlockPackMode(
      (mlp): Linear(in_features=1024, out_features=512, bias=True)
      (norm): GroupNormPackMode(32, 512, eps=1e-05, affine=True)
      (act): LeakyReLU(negative_slope=0.2)
    )
    (conv): KPConvBlock(
      (conv): KPConv(kernel_size=15, in_channels=512, out_channels=512, radius=1.6, sigma=1.28, bias=True)
      (norm): GroupNormPackMode(32, 512, eps=1e-05, affine=True)
      (act): LeakyReLU(negative_slope=0.2)
    )
    (unary2): UnaryBlockPackMode(
      (mlp): Linear(in_features=512, out_features=2048, bias=True)
      (norm): GroupNormPackMode(32, 2048, eps=1e-05, affine=True)
      (act): Identity()
    )
    (unary_shortcut): UnaryBlockPackMode(
      (mlp): Linear(in_features=1024, out_features=2048, bias=True)
      (norm): GroupNormPackMode(32, 2048, eps=1e-05, affine=True)
      (act): Identity()
    )
    (act): LeakyReLU(negative_slope=0.2)
  )
  (encoder5_3): KPResidualBlock(
    (unary1): UnaryBlockPackMode(
      (mlp): Linear(in_features=2048, out_features=512, bias=True)
      (norm): GroupNormPackMode(32, 512, eps=1e-05, affine=True)
      (act): LeakyReLU(negative_slope=0.2)
    )
    (conv): KPConvBlock(
      (conv): KPConv(kernel_size=15, in_channels=512, out_channels=512, radius=1.6, sigma=1.28, bias=True)
      (norm): GroupNormPackMode(32, 512, eps=1e-05, affine=True)
      (act): LeakyReLU(negative_slope=0.2)
    )
    (unary2): UnaryBlockPackMode(
      (mlp): Linear(in_features=512, out_features=2048, bias=True)
      (norm): GroupNormPackMode(32, 2048, eps=1e-05, affine=True)
      (act): Identity()
    )
    (unary_shortcut): Identity()
    (act): LeakyReLU(negative_slope=0.2)
  )
  (decoder4): UnaryBlockPackMode(
    (mlp): Linear(in_features=3072, out_features=1024, bias=True)
    (norm): GroupNormPackMode(32, 1024, eps=1e-05, affine=True)
    (act): LeakyReLU(negative_slope=0.2)
  )
  (decoder3): UnaryBlockPackMode(
    (mlp): Linear(in_features=1536, out_features=512, bias=True)
    (norm): GroupNormPackMode(32, 512, eps=1e-05, affine=True)
    (act): LeakyReLU(negative_slope=0.2)
  )
  (decoder2): UnaryBlockPackMode(
    (mlp): Linear(in_features=768, out_features=256, bias=True)
    (norm): GroupNormPackMode(32, 256, eps=1e-05, affine=True)
    (act): LeakyReLU(negative_slope=0.2)
  )
  (decoder1): UnaryBlockPackMode(
    (mlp): Linear(in_features=384, out_features=128, bias=True)
    (norm): GroupNormPackMode(16, 128, eps=1e-05, affine=True)
    (act): LeakyReLU(negative_slope=0.2)
  )
  (classifier): Sequential(
    (0): Linear(in_features=128, out_features=64, bias=True)
    (1): GroupNorm(8, 64, eps=1e-05, affine=True)
    (2): ReLU()
    (3): Linear(in_features=64, out_features=13, bias=True)
  )
)
